<?xml version="1.0" encoding="UTF-8"?>
<!-- Generated by org.testng.reporters.JUnitXMLReporter -->
<testsuite ignored="2" hostname="LAPTOP-SILLO3IJ" failures="0" tests="0" time="0.034" errors="0" timestamp="2025-01-08T15:16:21 IST">
  <testcase classname="rahulshettyacademy.tests.ErrorValidationsTest" name="ProductErrorValidation" time="0.0">
    <ignored/>
  </testcase> <!-- ProductErrorValidation -->
  <testcase classname="rahulshettyacademy.tests.ErrorValidationsTest" name="SubmitOrder" time="0.0">
    <ignored/>
  </testcase> <!-- SubmitOrder -->
</testsuite>
